E:\SHARE\RTMP\TRUNK\DEBUG\SIMPLEST_LIBRTMP_SEND264.EXE
E:\SHARE\RTMP\TRUNK\DEBUG\SIMPLEST_LIBRTMP_SEND264.ILK
E:\SHARE\RTMP\TRUNK\DEBUG\SIMPLEST_LIBRTMP_SEND264.PDB
E:\SHARE\RTMP\TRUNK\SIMPLEST_LIBRTMP_SEND264\DEBUG\LIBRTMP_SEND264.OBJ
E:\SHARE\RTMP\TRUNK\SIMPLEST_LIBRTMP_SEND264\DEBUG\SIMPLEST_LIBRTMP_SEND264.EXE.EMBED.MANIFEST
E:\SHARE\RTMP\TRUNK\SIMPLEST_LIBRTMP_SEND264\DEBUG\SIMPLEST_LIBRTMP_SEND264.EXE.EMBED.MANIFEST.RES
E:\SHARE\RTMP\TRUNK\SIMPLEST_LIBRTMP_SEND264\DEBUG\SIMPLEST_LIBRTMP_SEND264.EXE.INTERMEDIATE.MANIFEST
E:\SHARE\RTMP\TRUNK\SIMPLEST_LIBRTMP_SEND264\DEBUG\SIMPLEST_LIBRTMP_SEND264.OBJ
E:\SHARE\RTMP\TRUNK\SIMPLEST_LIBRTMP_SEND264\DEBUG\VC100.PDB
E:\SHARE\RTMP-SEMPLE.GIT\TRUNK\DEBUG\SIMPLEST_LIBRTMP_SEND264.EXE
E:\SHARE\RTMP-SEMPLE.GIT\TRUNK\DEBUG\SIMPLEST_LIBRTMP_SEND264.ILK
E:\SHARE\RTMP-SEMPLE.GIT\TRUNK\DEBUG\SIMPLEST_LIBRTMP_SEND264.PDB
E:\share\rtmp-semple.git\trunk\simplest_librtmp_send264\Debug\cl.command.1.tlog
E:\share\rtmp-semple.git\trunk\simplest_librtmp_send264\Debug\CL.read.1.tlog
E:\share\rtmp-semple.git\trunk\simplest_librtmp_send264\Debug\CL.write.1.tlog
E:\SHARE\RTMP-SEMPLE.GIT\TRUNK\SIMPLEST_LIBRTMP_SEND264\DEBUG\LIBRTMP_SEND264.OBJ
E:\share\rtmp-semple.git\trunk\simplest_librtmp_send264\Debug\link.5708.read.1.tlog
E:\share\rtmp-semple.git\trunk\simplest_librtmp_send264\Debug\link.5708.write.1.tlog
E:\share\rtmp-semple.git\trunk\simplest_librtmp_send264\Debug\link.5708-cvtres.read.1.tlog
E:\share\rtmp-semple.git\trunk\simplest_librtmp_send264\Debug\link.5708-cvtres.write.1.tlog
E:\share\rtmp-semple.git\trunk\simplest_librtmp_send264\Debug\link.7108.read.1.tlog
E:\share\rtmp-semple.git\trunk\simplest_librtmp_send264\Debug\link.7108.write.1.tlog
E:\share\rtmp-semple.git\trunk\simplest_librtmp_send264\Debug\link.7108-cvtres.read.1.tlog
E:\share\rtmp-semple.git\trunk\simplest_librtmp_send264\Debug\link.7108-cvtres.write.1.tlog
E:\share\rtmp-semple.git\trunk\simplest_librtmp_send264\Debug\link.command.1.tlog
E:\share\rtmp-semple.git\trunk\simplest_librtmp_send264\Debug\link.read.1.tlog
E:\share\rtmp-semple.git\trunk\simplest_librtmp_send264\Debug\link.write.1.tlog
E:\share\rtmp-semple.git\trunk\simplest_librtmp_send264\Debug\link-cvtres.read.1.tlog
E:\share\rtmp-semple.git\trunk\simplest_librtmp_send264\Debug\link-cvtres.write.1.tlog
E:\share\rtmp-semple.git\trunk\simplest_librtmp_send264\Debug\mt.command.1.tlog
E:\share\rtmp-semple.git\trunk\simplest_librtmp_send264\Debug\mt.read.1.tlog
E:\share\rtmp-semple.git\trunk\simplest_librtmp_send264\Debug\mt.write.1.tlog
E:\share\rtmp-semple.git\trunk\simplest_librtmp_send264\Debug\rc.command.1.tlog
E:\share\rtmp-semple.git\trunk\simplest_librtmp_send264\Debug\rc.read.1.tlog
E:\share\rtmp-semple.git\trunk\simplest_librtmp_send264\Debug\rc.write.1.tlog
E:\share\rtmp-semple.git\trunk\simplest_librtmp_send264\Debug\simplest_librtmp_send264.exe.embed.manifest
E:\SHARE\RTMP-SEMPLE.GIT\TRUNK\SIMPLEST_LIBRTMP_SEND264\DEBUG\SIMPLEST_LIBRTMP_SEND264.EXE.EMBED.MANIFEST.RES
E:\SHARE\RTMP-SEMPLE.GIT\TRUNK\SIMPLEST_LIBRTMP_SEND264\DEBUG\SIMPLEST_LIBRTMP_SEND264.EXE.INTERMEDIATE.MANIFEST
E:\SHARE\RTMP-SEMPLE.GIT\TRUNK\SIMPLEST_LIBRTMP_SEND264\DEBUG\SIMPLEST_LIBRTMP_SEND264.OBJ
E:\share\rtmp-semple.git\trunk\simplest_librtmp_send264\Debug\simplest_librtmp_send264_manifest.rc
E:\share\rtmp-semple.git\trunk\simplest_librtmp_send264\Debug\vc100.idb
E:\SHARE\RTMP-SEMPLE.GIT\TRUNK\SIMPLEST_LIBRTMP_SEND264\DEBUG\VC100.PDB
