E:\SHARE\RTMP\TRUNK\DEBUG\SIMPLEST_LIBRTMP_SEND_FLV.EXE
E:\SHARE\RTMP\TRUNK\DEBUG\SIMPLEST_LIBRTMP_SEND_FLV.ILK
E:\SHARE\RTMP\TRUNK\DEBUG\SIMPLEST_LIBRTMP_SEND_FLV.PDB
E:\SHARE\RTMP\TRUNK\SIMPLEST_LIBRTMP_SEND_FLV\DEBUG\SIMPLEST_LIBRTMP_SEND_FLV.EXE.EMBED.MANIFEST
E:\SHARE\RTMP\TRUNK\SIMPLEST_LIBRTMP_SEND_FLV\DEBUG\SIMPLEST_LIBRTMP_SEND_FLV.EXE.EMBED.MANIFEST.RES
E:\SHARE\RTMP\TRUNK\SIMPLEST_LIBRTMP_SEND_FLV\DEBUG\SIMPLEST_LIBRTMP_SEND_FLV.EXE.INTERMEDIATE.MANIFEST
E:\SHARE\RTMP\TRUNK\SIMPLEST_LIBRTMP_SEND_FLV\DEBUG\SIMPLEST_LIBRTMP_SENDFLV.OBJ
E:\SHARE\RTMP\TRUNK\SIMPLEST_LIBRTMP_SEND_FLV\DEBUG\VC100.PDB
E:\SHARE\RTMP-SEMPLE.GIT\TRUNK\DEBUG\SIMPLEST_LIBRTMP_SEND_FLV.EXE
E:\SHARE\RTMP-SEMPLE.GIT\TRUNK\DEBUG\SIMPLEST_LIBRTMP_SEND_FLV.ILK
E:\SHARE\RTMP-SEMPLE.GIT\TRUNK\DEBUG\SIMPLEST_LIBRTMP_SEND_FLV.PDB
E:\share\rtmp-semple.git\trunk\simplest_librtmp_send_flv\Debug\cl.command.1.tlog
E:\share\rtmp-semple.git\trunk\simplest_librtmp_send_flv\Debug\CL.read.1.tlog
E:\share\rtmp-semple.git\trunk\simplest_librtmp_send_flv\Debug\CL.write.1.tlog
E:\share\rtmp-semple.git\trunk\simplest_librtmp_send_flv\Debug\link.5612.read.1.tlog
E:\share\rtmp-semple.git\trunk\simplest_librtmp_send_flv\Debug\link.5612.write.1.tlog
E:\share\rtmp-semple.git\trunk\simplest_librtmp_send_flv\Debug\link.5612-cvtres.read.1.tlog
E:\share\rtmp-semple.git\trunk\simplest_librtmp_send_flv\Debug\link.5612-cvtres.write.1.tlog
E:\share\rtmp-semple.git\trunk\simplest_librtmp_send_flv\Debug\link.command.1.tlog
E:\share\rtmp-semple.git\trunk\simplest_librtmp_send_flv\Debug\link.read.1.tlog
E:\share\rtmp-semple.git\trunk\simplest_librtmp_send_flv\Debug\link.write.1.tlog
E:\share\rtmp-semple.git\trunk\simplest_librtmp_send_flv\Debug\link-cvtres.read.1.tlog
E:\share\rtmp-semple.git\trunk\simplest_librtmp_send_flv\Debug\link-cvtres.write.1.tlog
E:\share\rtmp-semple.git\trunk\simplest_librtmp_send_flv\Debug\mt.command.1.tlog
E:\share\rtmp-semple.git\trunk\simplest_librtmp_send_flv\Debug\mt.read.1.tlog
E:\share\rtmp-semple.git\trunk\simplest_librtmp_send_flv\Debug\mt.write.1.tlog
E:\share\rtmp-semple.git\trunk\simplest_librtmp_send_flv\Debug\rc.command.1.tlog
E:\share\rtmp-semple.git\trunk\simplest_librtmp_send_flv\Debug\rc.read.1.tlog
E:\share\rtmp-semple.git\trunk\simplest_librtmp_send_flv\Debug\rc.write.1.tlog
E:\share\rtmp-semple.git\trunk\simplest_librtmp_send_flv\Debug\simplest_librtmp_send_flv.exe.embed.manifest
E:\SHARE\RTMP-SEMPLE.GIT\TRUNK\SIMPLEST_LIBRTMP_SEND_FLV\DEBUG\SIMPLEST_LIBRTMP_SEND_FLV.EXE.EMBED.MANIFEST.RES
E:\SHARE\RTMP-SEMPLE.GIT\TRUNK\SIMPLEST_LIBRTMP_SEND_FLV\DEBUG\SIMPLEST_LIBRTMP_SEND_FLV.EXE.INTERMEDIATE.MANIFEST
E:\share\rtmp-semple.git\trunk\simplest_librtmp_send_flv\Debug\simplest_librtmp_send_flv_manifest.rc
E:\SHARE\RTMP-SEMPLE.GIT\TRUNK\SIMPLEST_LIBRTMP_SEND_FLV\DEBUG\SIMPLEST_LIBRTMP_SENDFLV.OBJ
E:\share\rtmp-semple.git\trunk\simplest_librtmp_send_flv\Debug\vc100.idb
E:\SHARE\RTMP-SEMPLE.GIT\TRUNK\SIMPLEST_LIBRTMP_SEND_FLV\DEBUG\VC100.PDB
