E:\SHARE\RTMP\TRUNK\DEBUG\SIMPLEST_LIBRTMP_RECEIVE.EXE
E:\SHARE\RTMP\TRUNK\DEBUG\SIMPLEST_LIBRTMP_RECEIVE.ILK
E:\SHARE\RTMP\TRUNK\DEBUG\SIMPLEST_LIBRTMP_RECEIVE.PDB
E:\SHARE\RTMP\TRUNK\SIMPLEST_LIBRTMP_RECEIVE\DEBUG\SIMPLEST_LIBRTMP_RECEIVE.EXE.EMBED.MANIFEST
E:\SHARE\RTMP\TRUNK\SIMPLEST_LIBRTMP_RECEIVE\DEBUG\SIMPLEST_LIBRTMP_RECEIVE.EXE.EMBED.MANIFEST.RES
E:\SHARE\RTMP\TRUNK\SIMPLEST_LIBRTMP_RECEIVE\DEBUG\SIMPLEST_LIBRTMP_RECEIVE.EXE.INTERMEDIATE.MANIFEST
E:\SHARE\RTMP\TRUNK\SIMPLEST_LIBRTMP_RECEIVE\DEBUG\SIMPLEST_LIBRTMP_RECEIVE.OBJ
E:\SHARE\RTMP\TRUNK\SIMPLEST_LIBRTMP_RECEIVE\DEBUG\VC100.PDB
E:\SHARE\RTMP-SEMPLE.GIT\TRUNK\DEBUG\SIMPLEST_LIBRTMP_RECEIVE.EXE
E:\SHARE\RTMP-SEMPLE.GIT\TRUNK\DEBUG\SIMPLEST_LIBRTMP_RECEIVE.ILK
E:\SHARE\RTMP-SEMPLE.GIT\TRUNK\DEBUG\SIMPLEST_LIBRTMP_RECEIVE.PDB
E:\share\rtmp-semple.git\trunk\simplest_librtmp_receive\Debug\cl.command.1.tlog
E:\share\rtmp-semple.git\trunk\simplest_librtmp_receive\Debug\CL.read.1.tlog
E:\share\rtmp-semple.git\trunk\simplest_librtmp_receive\Debug\CL.write.1.tlog
E:\share\rtmp-semple.git\trunk\simplest_librtmp_receive\Debug\link.4640.read.1.tlog
E:\share\rtmp-semple.git\trunk\simplest_librtmp_receive\Debug\link.4640.write.1.tlog
E:\share\rtmp-semple.git\trunk\simplest_librtmp_receive\Debug\link.4640-cvtres.read.1.tlog
E:\share\rtmp-semple.git\trunk\simplest_librtmp_receive\Debug\link.4640-cvtres.write.1.tlog
E:\share\rtmp-semple.git\trunk\simplest_librtmp_receive\Debug\link.command.1.tlog
E:\share\rtmp-semple.git\trunk\simplest_librtmp_receive\Debug\link.read.1.tlog
E:\share\rtmp-semple.git\trunk\simplest_librtmp_receive\Debug\link.write.1.tlog
E:\share\rtmp-semple.git\trunk\simplest_librtmp_receive\Debug\link-cvtres.read.1.tlog
E:\share\rtmp-semple.git\trunk\simplest_librtmp_receive\Debug\link-cvtres.write.1.tlog
E:\share\rtmp-semple.git\trunk\simplest_librtmp_receive\Debug\mt.command.1.tlog
E:\share\rtmp-semple.git\trunk\simplest_librtmp_receive\Debug\mt.read.1.tlog
E:\share\rtmp-semple.git\trunk\simplest_librtmp_receive\Debug\mt.write.1.tlog
E:\share\rtmp-semple.git\trunk\simplest_librtmp_receive\Debug\rc.command.1.tlog
E:\share\rtmp-semple.git\trunk\simplest_librtmp_receive\Debug\rc.read.1.tlog
E:\share\rtmp-semple.git\trunk\simplest_librtmp_receive\Debug\rc.write.1.tlog
E:\share\rtmp-semple.git\trunk\simplest_librtmp_receive\Debug\simplest_librtmp_receive.exe.embed.manifest
E:\SHARE\RTMP-SEMPLE.GIT\TRUNK\SIMPLEST_LIBRTMP_RECEIVE\DEBUG\SIMPLEST_LIBRTMP_RECEIVE.EXE.EMBED.MANIFEST.RES
E:\SHARE\RTMP-SEMPLE.GIT\TRUNK\SIMPLEST_LIBRTMP_RECEIVE\DEBUG\SIMPLEST_LIBRTMP_RECEIVE.EXE.INTERMEDIATE.MANIFEST
E:\SHARE\RTMP-SEMPLE.GIT\TRUNK\SIMPLEST_LIBRTMP_RECEIVE\DEBUG\SIMPLEST_LIBRTMP_RECEIVE.OBJ
E:\share\rtmp-semple.git\trunk\simplest_librtmp_receive\Debug\simplest_librtmp_receive_manifest.rc
E:\share\rtmp-semple.git\trunk\simplest_librtmp_receive\Debug\vc100.idb
E:\SHARE\RTMP-SEMPLE.GIT\TRUNK\SIMPLEST_LIBRTMP_RECEIVE\DEBUG\VC100.PDB
